<?xml version="1.0" encoding="UTF-8"?>
<!-- Generated by org.testng.reporters.JUnitReportReporter -->
<testsuite hostname="DESKTOP-QNCO8LP" failures="0" tests="1" name="test.TagFilterTest" time="6.953" errors="0" timestamp="2020-05-31T15:50:42 MSK" skipped="0">
  <testcase classname="test.TagFilterTest" name="successfulTagFilter" time="6.953"/>
  <system-out/>
</testsuite> <!-- test.TagFilterTest -->
