<?xml version="1.0" encoding="UTF-8"?>
<testsuite name="test.TagFilterTest" tests="1" skipped="0" failures="0" errors="0" timestamp="2020-05-31T12:50:34" hostname="DESKTOP-QNCO8LP" time="6.953">
  <properties/>
  <testcase name="successfulTagFilter" classname="test.TagFilterTest" time="6.953"/>
  <system-out><![CDATA[]]></system-out>
  <system-err><![CDATA[Starting ChromeDriver 83.0.4103.39 (ccbf011cb2d2b19b506d844400483861342c20cd-refs/branch-heads/4103@{#416}) on port 43761
Only local connections are allowed.
Please see https://chromedriver.chromium.org/security-considerations for suggestions on keeping ChromeDriver safe.
ChromeDriver was started successfully.
мая 31, 2020 3:50:34 PM org.openqa.selenium.remote.ProtocolHandshake createSession
INFO: Detected dialect: W3C
]]></system-err>
</testsuite>
